\BOOKMARK [1][-]{section.1}{Einleitung}{}% 1
\BOOKMARK [1][-]{section.2}{Projektbeschreibung}{}% 2
\BOOKMARK [1][-]{section.3}{Methoden}{}% 3
\BOOKMARK [1][-]{section.4}{Evaluation des Nutzungskontexts}{}% 4
\BOOKMARK [2][-]{subsection.4.1}{Personas}{section.4}% 5
\BOOKMARK [3][-]{subsubsection.4.1.1}{Krankenschwester \(Bezirksklinikum\)}{subsection.4.1}% 6
\BOOKMARK [3][-]{subsubsection.4.1.2}{Arzt}{subsection.4.1}% 7
\BOOKMARK [3][-]{subsubsection.4.1.3}{Fahrdienst \(Bezirksklinikum\)}{subsection.4.1}% 8
\BOOKMARK [2][-]{subsection.4.2}{Interview \046 Feldbeobachtung}{section.4}% 9
\BOOKMARK [1][-]{section.5}{Anforderungsmanagement}{}% 10
\BOOKMARK [2][-]{subsection.5.1}{Anforderungsanalyse}{section.5}% 11
\BOOKMARK [2][-]{subsection.5.2}{Anforderungsbeschreibung}{section.5}% 12
\BOOKMARK [1][-]{section.6}{Wettbewerbsanalyse}{}% 13
\BOOKMARK [2][-]{subsection.6.1}{Ciris}{section.6}% 14
\BOOKMARK [2][-]{subsection.6.2}{CareMan}{section.6}% 15
\BOOKMARK [2][-]{subsection.6.3}{Recare}{section.6}% 16
\BOOKMARK [2][-]{subsection.6.4}{Fazit}{section.6}% 17
\BOOKMARK [1][-]{section.7}{Sketching}{}% 18
\BOOKMARK [2][-]{subsection.7.1}{Papierprototyp \205 Florian Klamer}{section.7}% 19
\BOOKMARK [2][-]{subsection.7.2}{Papierprototyp \205 Felix Richter}{section.7}% 20
\BOOKMARK [2][-]{subsection.7.3}{Papierprototyp \205 Thomas Zenger}{section.7}% 21
\BOOKMARK [2][-]{subsection.7.4}{Papierprototyp \205 Tobias Winter}{section.7}% 22
\BOOKMARK [2][-]{subsection.7.5}{Papierprototyp \205 Sebastian Brunner}{section.7}% 23
\BOOKMARK [1][-]{section.8}{Axure Prototyp}{}% 24
\BOOKMARK [2][-]{subsection.8.1}{gemeinsamer Axure Prototyp}{section.8}% 25
\BOOKMARK [3][-]{subsubsection.8.1.1}{Startseite}{subsection.8.1}% 26
\BOOKMARK [3][-]{subsubsection.8.1.2}{Navigationsleiste}{subsection.8.1}% 27
\BOOKMARK [3][-]{subsubsection.8.1.3}{Patiententransport - Karte}{subsection.8.1}% 28
\BOOKMARK [3][-]{subsubsection.8.1.4}{Suchleiste}{subsection.8.1}% 29
\BOOKMARK [3][-]{subsubsection.8.1.5}{Patientensuche und Transportschein}{subsection.8.1}% 30
\BOOKMARK [3][-]{subsubsection.8.1.6}{Modifizierter Transportschein}{subsection.8.1}% 31
\BOOKMARK [2][-]{subsection.8.2}{Prototyp Vorstellung \(Evaluieren der Gestaltungsl\366sung anhand der Nutzungsanforderung\)}{section.8}% 32
\BOOKMARK [3][-]{subsubsection.8.2.1}{St. Josef}{subsection.8.2}% 33
\BOOKMARK [3][-]{subsubsection.8.2.2}{Bezirksklinikum}{subsection.8.2}% 34
\BOOKMARK [2][-]{subsection.8.3}{Feedback aus den Krankenh\344usern}{section.8}% 35
\BOOKMARK [3][-]{subsubsection.8.3.1}{Usetest Bezirksklinikum}{subsection.8.3}% 36
\BOOKMARK [1][-]{section.9}{Finaler Axure Prototyp}{}% 37
\BOOKMARK [1][-]{section.10}{Fazit}{}% 38
