This is pdfTeX, Version 3.14159265-2.6-1.40.20 (MiKTeX 2.9.7250 64-bit) (preloaded format=pdflatex 2020.1.25)  30 JAN 2020 21:53
entering extended mode
**./Doku.tex
(Doku.tex
LaTeX2e <2019-10-01> patch level 3

("C:\Users\fklam\AppData\Local\Programs\MiKTeX 2.9\tex/latex/koma-script\scrart
cl.cls"
Document Class: scrartcl 2019/12/23 v3.28 KOMA-Script document class (article)

("C:\Users\fklam\AppData\Local\Programs\MiKTeX 2.9\tex/latex/koma-script\scrkba
se.sty"
Package: scrkbase 2019/12/23 v3.28 KOMA-Script package (KOMA-Script-dependent b
asics and keyval usage)

("C:\Users\fklam\AppData\Local\Programs\MiKTeX 2.9\tex/latex/koma-script\scrbas
e.sty"
Package: scrbase 2019/12/23 v3.28 KOMA-Script package (KOMA-Script-independent 
basics and keyval usage)

("C:\Users\fklam\AppData\Local\Programs\MiKTeX 2.9\tex/latex/graphics\keyval.st
y"
Package: keyval 2014/10/28 v1.15 key=value parser (DPC)
\KV@toks@=\toks14
)
("C:\Users\fklam\AppData\Local\Programs\MiKTeX 2.9\tex/latex/koma-script\scrlfi
le.sty"
Package: scrlfile 2019/12/23 v3.28 KOMA-Script package (loading files)
)))
("C:\Users\fklam\AppData\Local\Programs\MiKTeX 2.9\tex/latex/koma-script\tocbas
ic.sty"
Package: tocbasic 2019/12/23 v3.28 KOMA-Script package (handling toc-files)
\scr@dte@tocline@numberwidth=\skip41
\scr@dte@tocline@numbox=\box27
)
Package tocbasic Info: omitting babel extension for `toc'
(tocbasic)             because of feature `nobabel' available
(tocbasic)             for `toc' on input line 137.
Package scrartcl Info: You've used standard option `12pt'.
(scrartcl)             This is correct!
(scrartcl)             Internally I'm using `fontsize=12pt'.
(scrartcl)             If you'd like to set the option with \KOMAoptions,
(scrartcl)             you'd have to use `fontsize=12pt' there
(scrartcl)             instead of `12pt', too.
Class scrartcl Info: File `scrsize12pt.clo' used to setup font sizes on input l
ine 2211.

("C:\Users\fklam\AppData\Local\Programs\MiKTeX 2.9\tex/latex/koma-script\scrsiz
e12pt.clo"
File: scrsize12pt.clo 2019/12/23 v3.28 KOMA-Script font size class option (12pt
)
)
("C:\Users\fklam\AppData\Local\Programs\MiKTeX 2.9\tex/latex/koma-script\typear
ea.sty"
Package: typearea 2019/12/23 v3.28 KOMA-Script package (type area)
\ta@bcor=\skip42
\ta@div=\count80
Package typearea Info: You've used standard option `a4paper'.
(typearea)             This is correct!
(typearea)             Internally I'm using `paper=a4'.
(typearea)             If you'd like to set the option with \KOMAoptions,
(typearea)             you'd have to use `paper=a4' there
(typearea)             instead of `a4paper', too.
\ta@hblk=\skip43
\ta@vblk=\skip44
\ta@temp=\skip45
\footheight=\skip46
Package typearea Info: These are the values describing the layout:
(typearea)             DIV  = 12
(typearea)             BCOR = 0.0pt
(typearea)             \paperwidth      = 597.50793pt
(typearea)              \textwidth      = 448.13095pt
(typearea)              DIV departure   = -6%
(typearea)              \evensidemargin = 2.4185pt
(typearea)              \oddsidemargin  = 2.4185pt
(typearea)             \paperheight     = 845.04694pt
(typearea)              \textheight     = 635.5pt
(typearea)              \topmargin      = -41.72441pt
(typearea)              \headheight     = 18.125pt
(typearea)              \headsep        = 21.75pt
(typearea)              \topskip        = 12.0pt
(typearea)              \footskip       = 50.75pt
(typearea)              \baselineskip   = 14.5pt
(typearea)              on input line 1718.
)
\c@part=\count81
\c@section=\count82
\c@subsection=\count83
\c@subsubsection=\count84
\c@paragraph=\count85
\c@subparagraph=\count86
\scr@dte@section@maxnumwidth=\skip47
Class scrartcl Info: using compatibility default `runin=bysign'
(scrartcl)           for `\section on input line 4722.
Class scrartcl Info: using compatibility default `afterindent=bysign'
(scrartcl)           for `\section on input line 4722.
\scr@dte@part@maxnumwidth=\skip48
Class scrartcl Info: using compatibility default `afterindent=false'
(scrartcl)           for `\part on input line 4730.
\scr@dte@subsection@maxnumwidth=\skip49
Class scrartcl Info: using compatibility default `runin=bysign'
(scrartcl)           for `\subsection on input line 4740.
Class scrartcl Info: using compatibility default `afterindent=bysign'
(scrartcl)           for `\subsection on input line 4740.
\scr@dte@subsubsection@maxnumwidth=\skip50
Class scrartcl Info: using compatibility default `runin=bysign'
(scrartcl)           for `\subsubsection on input line 4750.
Class scrartcl Info: using compatibility default `afterindent=bysign'
(scrartcl)           for `\subsubsection on input line 4750.
\scr@dte@paragraph@maxnumwidth=\skip51
Class scrartcl Info: using compatibility default `runin=bysign'
(scrartcl)           for `\paragraph on input line 4760.
Class scrartcl Info: using compatibility default `afterindent=bysign'
(scrartcl)           for `\paragraph on input line 4760.
\scr@dte@subparagraph@maxnumwidth=\skip52
Class scrartcl Info: using compatibility default `runin=bysign'
(scrartcl)           for `\subparagraph on input line 4770.
Class scrartcl Info: using compatibility default `afterindent=bysign'
(scrartcl)           for `\subparagraph on input line 4770.
\abovecaptionskip=\skip53
\belowcaptionskip=\skip54
\c@pti@nb@sid@b@x=\box28
Package tocbasic Info: omitting babel extension for `lof'
(tocbasic)             because of feature `nobabel' available
(tocbasic)             for `lof' on input line 6001.
\scr@dte@figure@maxnumwidth=\skip55
\c@figure=\count87
Package tocbasic Info: omitting babel extension for `lot'
(tocbasic)             because of feature `nobabel' available
(tocbasic)             for `lot' on input line 6013.
\scr@dte@table@maxnumwidth=\skip56
\c@table=\count88
Class scrartcl Info: Redefining `\numberline' on input line 6177.
\bibindent=\dimen102
)
("C:\Users\fklam\AppData\Local\Programs\MiKTeX 2.9\tex/latex/geometry\geometry.
sty"
Package: geometry 2020/01/02 v5.9 Page Geometry

("C:\Users\fklam\AppData\Local\Programs\MiKTeX 2.9\tex/generic/iftex\ifvtex.sty
"
Package: ifvtex 2019/10/25 v1.7 ifvtex legacy package. Use iftex instead.
 ("C:\Users\fklam\AppData\Local\Programs\MiKTeX 2.9\tex/generic/iftex\iftex.sty
"
Package: iftex 2019/11/07 v1.0c TeX engine tests
))
\Gm@cnth=\count89
\Gm@cntv=\count90
\c@Gm@tempcnt=\count91
\Gm@bindingoffset=\dimen103
\Gm@wd@mp=\dimen104
\Gm@odd@mp=\dimen105
\Gm@even@mp=\dimen106
\Gm@layoutwidth=\dimen107
\Gm@layoutheight=\dimen108
\Gm@layouthoffset=\dimen109
\Gm@layoutvoffset=\dimen110
\Gm@dimlist=\toks15

("C:\Users\fklam\AppData\Local\Programs\MiKTeX 2.9\tex/latex/geometry\geometry.
cfg"))
("C:\Users\fklam\AppData\Local\Programs\MiKTeX 2.9\tex/latex/hyperref\hyperref.
sty"
Package: hyperref 2020/01/14 v7.00d Hypertext links for LaTeX

("C:\Users\fklam\AppData\Local\Programs\MiKTeX 2.9\tex/generic/ltxcmds\ltxcmds.
sty"
Package: ltxcmds 2019/12/15 v1.24 LaTeX kernel commands for general use (HO)
)
("C:\Users\fklam\AppData\Local\Programs\MiKTeX 2.9\tex/latex/pdftexcmds\pdftexc
mds.sty"
Package: pdftexcmds 2019/11/24 v0.31 Utility functions of pdfTeX for LuaTeX (HO
)

("C:\Users\fklam\AppData\Local\Programs\MiKTeX 2.9\tex/generic/infwarerr\infwar
err.sty"
Package: infwarerr 2019/12/03 v1.5 Providing info/warning/error messages (HO)
)
Package pdftexcmds Info: \pdf@primitive is available.
Package pdftexcmds Info: \pdf@ifprimitive is available.
Package pdftexcmds Info: \pdfdraftmode found.
)
("C:\Users\fklam\AppData\Local\Programs\MiKTeX 2.9\tex/generic/kvsetkeys\kvsetk
eys.sty"
Package: kvsetkeys 2019/12/15 v1.18 Key value parser (HO)
)
("C:\Users\fklam\AppData\Local\Programs\MiKTeX 2.9\tex/generic/kvdefinekeys\kvd
efinekeys.sty"
Package: kvdefinekeys 2019-12-19 v1.6 Define keys (HO)
)
("C:\Users\fklam\AppData\Local\Programs\MiKTeX 2.9\tex/generic/pdfescape\pdfesc
ape.sty"
Package: pdfescape 2019/12/09 v1.15 Implements pdfTeX's escape features (HO)
)
("C:\Users\fklam\AppData\Local\Programs\MiKTeX 2.9\tex/latex/hycolor\hycolor.st
y"
Package: hycolor 2019/12/15 v1.9 Color options for hyperref/bookmark (HO)

("C:\Users\fklam\AppData\Local\Programs\MiKTeX 2.9\tex/latex/hycolor\xcolor-pat
ch.sty"
Package: xcolor-patch 2019/12/15 xcolor patch

("C:\Users\fklam\AppData\Local\Programs\MiKTeX 2.9\tex/latex/oberdiek\hopatch.s
ty"
Package: hopatch 2016/05/16 v1.3 Wrapper for package hooks (HO)
)))
("C:\Users\fklam\AppData\Local\Programs\MiKTeX 2.9\tex/latex/letltxmacro\letltx
macro.sty"
Package: letltxmacro 2019/12/03 v1.6 Let assignment for LaTeX macros (HO)
)
("C:\Users\fklam\AppData\Local\Programs\MiKTeX 2.9\tex/latex/auxhook\auxhook.st
y"
Package: auxhook 2019-12-17 v1.6 Hooks for auxiliary files (HO)
)
("C:\Users\fklam\AppData\Local\Programs\MiKTeX 2.9\tex/latex/kvoptions\kvoption
s.sty"
Package: kvoptions 2019/11/29 v3.13 Key value format for package options (HO)
)
\@linkdim=\dimen111
\Hy@linkcounter=\count92
\Hy@pagecounter=\count93

("C:\Users\fklam\AppData\Local\Programs\MiKTeX 2.9\tex/latex/hyperref\pd1enc.de
f"
File: pd1enc.def 2020/01/14 v7.00d Hyperref: PDFDocEncoding definition (HO)
Now handling font encoding PD1 ...
... no UTF-8 mapping file for font encoding PD1
)
("C:\Users\fklam\AppData\Local\Programs\MiKTeX 2.9\tex/generic/intcalc\intcalc.
sty"
Package: intcalc 2019/12/15 v1.3 Expandable calculations with integers (HO)
)
("C:\Users\fklam\AppData\Local\Programs\MiKTeX 2.9\tex/generic/etexcmds\etexcmd
s.sty"
Package: etexcmds 2019/12/15 v1.7 Avoid name clashes with e-TeX commands (HO)
)
\Hy@SavedSpaceFactor=\count94
\pdfmajorversion=\count95
Package hyperref Info: Hyper figures OFF on input line 4547.
Package hyperref Info: Link nesting OFF on input line 4552.
Package hyperref Info: Hyper index ON on input line 4555.
Package hyperref Info: Plain pages OFF on input line 4562.
Package hyperref Info: Backreferencing OFF on input line 4567.
Package hyperref Info: Implicit mode ON; LaTeX internals redefined.
Package hyperref Info: Bookmarks ON on input line 4800.
\c@Hy@tempcnt=\count96
 ("C:\Users\fklam\AppData\Local\Programs\MiKTeX 2.9\tex/latex/url\url.sty"
\Urlmuskip=\muskip10
Package: url 2013/09/16  ver 3.4  Verb mode for urls, etc.
)
LaTeX Info: Redefining \url on input line 5159.
\XeTeXLinkMargin=\dimen112

("C:\Users\fklam\AppData\Local\Programs\MiKTeX 2.9\tex/generic/bitset\bitset.st
y"
Package: bitset 2019/12/09 v1.3 Handle bit-vector datatype (HO)

("C:\Users\fklam\AppData\Local\Programs\MiKTeX 2.9\tex/generic/bigintcalc\bigin
tcalc.sty"
Package: bigintcalc 2019/12/15 v1.5 Expandable calculations on big integers (HO
)
))
\Fld@menulength=\count97
\Field@Width=\dimen113
\Fld@charsize=\dimen114
Package hyperref Info: Hyper figures OFF on input line 6430.
Package hyperref Info: Link nesting OFF on input line 6435.
Package hyperref Info: Hyper index ON on input line 6438.
Package hyperref Info: backreferencing OFF on input line 6445.
Package hyperref Info: Link coloring OFF on input line 6450.
Package hyperref Info: Link coloring with OCG OFF on input line 6455.
Package hyperref Info: PDF/A mode OFF on input line 6460.
LaTeX Info: Redefining \ref on input line 6500.
LaTeX Info: Redefining \pageref on input line 6504.

("C:\Users\fklam\AppData\Local\Programs\MiKTeX 2.9\tex/generic/atbegshi\atbegsh
i.sty"
Package: atbegshi 2019/12/05 v1.19 At begin shipout hook (HO)
)
\Hy@abspage=\count98
\c@Item=\count99
\c@Hfootnote=\count100
)
Package hyperref Info: Driver (autodetected): hpdftex.

("C:\Users\fklam\AppData\Local\Programs\MiKTeX 2.9\tex/latex/hyperref\hpdftex.d
ef"
File: hpdftex.def 2020/01/14 v7.00d Hyperref driver for pdfTeX

("C:\Users\fklam\AppData\Local\Programs\MiKTeX 2.9\tex/latex/atveryend\atveryen
d.sty"
Package: atveryend 2019-12-11 v1.11 Hooks at the very end of document (HO)
Package atveryend Info: \enddocument detected (standard20110627).
)
\Fld@listcount=\count101
\c@bookmark@seq@number=\count102

("C:\Users\fklam\AppData\Local\Programs\MiKTeX 2.9\tex/latex/rerunfilecheck\rer
unfilecheck.sty"
Package: rerunfilecheck 2019/12/05 v1.9 Rerun checks for auxiliary files (HO)

("C:\Users\fklam\AppData\Local\Programs\MiKTeX 2.9\tex/generic/uniquecounter\un
iquecounter.sty"
Package: uniquecounter 2019/12/15 v1.4 Provide unlimited unique counter (HO)
)
Package uniquecounter Info: New unique counter `rerunfilecheck' on input line 2
86.
)
\Hy@SectionHShift=\skip57
)
("C:\Users\fklam\AppData\Local\Programs\MiKTeX 2.9\tex/latex/base\inputenc.sty"
Package: inputenc 2018/08/11 v1.3c Input encoding file
\inpenc@prehook=\toks16
\inpenc@posthook=\toks17
) ("C:\Users\fklam\AppData\Local\Programs\MiKTeX 2.9\tex/latex/base\fontenc.sty
"
Package: fontenc 2018/08/11 v2.0j Standard LaTeX package
 ("C:\Users\fklam\AppData\Local\Programs\MiKTeX 2.9\tex/latex/base\t1enc.def"
File: t1enc.def 2018/08/11 v2.0j Standard LaTeX file
LaTeX Font Info:    Redeclaring font encoding T1 on input line 48.
)) ("C:\Users\fklam\AppData\Local\Programs\MiKTeX 2.9\tex/latex/lm\lmodern.sty"
Package: lmodern 2009/10/30 v1.6 Latin Modern Fonts
LaTeX Font Info:    Overwriting symbol font `operators' in version `normal'
(Font)                  OT1/cmr/m/n --> OT1/lmr/m/n on input line 22.
LaTeX Font Info:    Overwriting symbol font `letters' in version `normal'
(Font)                  OML/cmm/m/it --> OML/lmm/m/it on input line 23.
LaTeX Font Info:    Overwriting symbol font `symbols' in version `normal'
(Font)                  OMS/cmsy/m/n --> OMS/lmsy/m/n on input line 24.
LaTeX Font Info:    Overwriting symbol font `largesymbols' in version `normal'
(Font)                  OMX/cmex/m/n --> OMX/lmex/m/n on input line 25.
LaTeX Font Info:    Overwriting symbol font `operators' in version `bold'
(Font)                  OT1/cmr/bx/n --> OT1/lmr/bx/n on input line 26.
LaTeX Font Info:    Overwriting symbol font `letters' in version `bold'
(Font)                  OML/cmm/b/it --> OML/lmm/b/it on input line 27.
LaTeX Font Info:    Overwriting symbol font `symbols' in version `bold'
(Font)                  OMS/cmsy/b/n --> OMS/lmsy/b/n on input line 28.
LaTeX Font Info:    Overwriting symbol font `largesymbols' in version `bold'
(Font)                  OMX/cmex/m/n --> OMX/lmex/m/n on input line 29.
LaTeX Font Info:    Overwriting math alphabet `\mathbf' in version `normal'
(Font)                  OT1/cmr/bx/n --> OT1/lmr/bx/n on input line 31.
LaTeX Font Info:    Overwriting math alphabet `\mathsf' in version `normal'
(Font)                  OT1/cmss/m/n --> OT1/lmss/m/n on input line 32.
LaTeX Font Info:    Overwriting math alphabet `\mathit' in version `normal'
(Font)                  OT1/cmr/m/it --> OT1/lmr/m/it on input line 33.
LaTeX Font Info:    Overwriting math alphabet `\mathtt' in version `normal'
(Font)                  OT1/cmtt/m/n --> OT1/lmtt/m/n on input line 34.
LaTeX Font Info:    Overwriting math alphabet `\mathbf' in version `bold'
(Font)                  OT1/cmr/bx/n --> OT1/lmr/bx/n on input line 35.
LaTeX Font Info:    Overwriting math alphabet `\mathsf' in version `bold'
(Font)                  OT1/cmss/bx/n --> OT1/lmss/bx/n on input line 36.
LaTeX Font Info:    Overwriting math alphabet `\mathit' in version `bold'
(Font)                  OT1/cmr/bx/it --> OT1/lmr/bx/it on input line 37.
LaTeX Font Info:    Overwriting math alphabet `\mathtt' in version `bold'
(Font)                  OT1/cmtt/m/n --> OT1/lmtt/m/n on input line 38.
) ("C:\Users\fklam\AppData\Local\Programs\MiKTeX 2.9\tex/latex/lipsum\lipsum.st
y"
("C:\Users\fklam\AppData\Local\Programs\MiKTeX 2.9\tex/latex/l3kernel\expl3.sty
"
Package: expl3 2020-01-22 L3 programming layer (loader) 

("C:\Users\fklam\AppData\Local\Programs\MiKTeX 2.9\tex/latex/l3kernel\expl3-cod
e.tex"
Package: expl3 2020-01-22 L3 programming layer (code)
\c_max_int=\count103
\l_tmpa_int=\count104
\l_tmpb_int=\count105
\g_tmpa_int=\count106
\g_tmpb_int=\count107
\l__seq_internal_a_int=\count108
\l__seq_internal_b_int=\count109
\g__kernel_prg_map_int=\count110
\c__ior_term_noprompt_ior=\count111
\c_log_iow=\count112
\l_iow_line_count_int=\count113
\l__iow_line_target_int=\count114
\l__iow_one_indent_int=\count115
\l__iow_indent_int=\count116
\c_zero_dim=\dimen115
\c_max_dim=\dimen116
\l_tmpa_dim=\dimen117
\l_tmpb_dim=\dimen118
\g_tmpa_dim=\dimen119
\g_tmpb_dim=\dimen120
\c_zero_skip=\skip58
\c_max_skip=\skip59
\l_tmpa_skip=\skip60
\l_tmpb_skip=\skip61
\g_tmpa_skip=\skip62
\g_tmpb_skip=\skip63
\c_zero_muskip=\muskip11
\c_max_muskip=\muskip12
\l_tmpa_muskip=\muskip13
\l_tmpb_muskip=\muskip14
\g_tmpa_muskip=\muskip15
\g_tmpb_muskip=\muskip16
\l_keys_choice_int=\count117
\l__intarray_loop_int=\count118
\c__intarray_sp_dim=\dimen121
\g__intarray_font_int=\count119
\c__fp_leading_shift_int=\count120
\c__fp_middle_shift_int=\count121
\c__fp_trailing_shift_int=\count122
\c__fp_big_leading_shift_int=\count123
\c__fp_big_middle_shift_int=\count124
\c__fp_big_trailing_shift_int=\count125
\c__fp_Bigg_leading_shift_int=\count126
\c__fp_Bigg_middle_shift_int=\count127
\c__fp_Bigg_trailing_shift_int=\count128
\c__kernel_randint_max_int=\count129
\g__fp_array_int=\count130
\l__fp_array_loop_int=\count131
\l__sort_length_int=\count132
\l__sort_min_int=\count133
\l__sort_top_int=\count134
\l__sort_max_int=\count135
\l__sort_true_max_int=\count136
\l__sort_block_int=\count137
\l__sort_begin_int=\count138
\l__sort_end_int=\count139
\l__sort_A_int=\count140
\l__sort_B_int=\count141
\l__sort_C_int=\count142
\l__str_internal_int=\count143
\c__str_replacement_char_int=\count144
\l__tl_analysis_normal_int=\count145
\l__tl_analysis_index_int=\count146
\l__tl_analysis_nesting_int=\count147
\l__tl_analysis_type_int=\count148
\l__regex_internal_a_int=\count149
\l__regex_internal_b_int=\count150
\l__regex_internal_c_int=\count151
\l__regex_balance_int=\count152
\l__regex_group_level_int=\count153
\l__regex_mode_int=\count154
\c__regex_cs_in_class_mode_int=\count155
\c__regex_cs_mode_int=\count156
\l__regex_catcodes_int=\count157
\l__regex_default_catcodes_int=\count158
\c__regex_catcode_D_int=\count159
\c__regex_catcode_S_int=\count160
\c__regex_catcode_L_int=\count161
\c__regex_catcode_O_int=\count162
\c__regex_catcode_A_int=\count163
\c__regex_all_catcodes_int=\count164
\l__regex_show_lines_int=\count165
\l__regex_min_state_int=\count166
\l__regex_max_state_int=\count167
\l__regex_left_state_int=\count168
\l__regex_right_state_int=\count169
\l__regex_capturing_group_int=\count170
\l__regex_min_pos_int=\count171
\l__regex_max_pos_int=\count172
\l__regex_curr_pos_int=\count173
\l__regex_start_pos_int=\count174
\l__regex_success_pos_int=\count175
\l__regex_curr_char_int=\count176
\l__regex_curr_catcode_int=\count177
\l__regex_last_char_int=\count178
\l__regex_case_changed_char_int=\count179
\l__regex_curr_state_int=\count180
\l__regex_step_int=\count181
\l__regex_min_active_int=\count182
\l__regex_max_active_int=\count183
\l__regex_replacement_csnames_int=\count184
\l__regex_match_count_int=\count185
\l__regex_min_submatch_int=\count186
\l__regex_submatch_int=\count187
\l__regex_zeroth_submatch_int=\count188
\g__regex_trace_regex_int=\count189
\c_empty_box=\box29
\l_tmpa_box=\box30
\l_tmpb_box=\box31
\g_tmpa_box=\box32
\g_tmpb_box=\box33
\l__box_top_dim=\dimen122
\l__box_bottom_dim=\dimen123
\l__box_left_dim=\dimen124
\l__box_right_dim=\dimen125
\l__box_top_new_dim=\dimen126
\l__box_bottom_new_dim=\dimen127
\l__box_left_new_dim=\dimen128
\l__box_right_new_dim=\dimen129
\l__box_internal_box=\box34
\l__coffin_internal_box=\box35
\l__coffin_internal_dim=\dimen130
\l__coffin_offset_x_dim=\dimen131
\l__coffin_offset_y_dim=\dimen132
\l__coffin_x_dim=\dimen133
\l__coffin_y_dim=\dimen134
\l__coffin_x_prime_dim=\dimen135
\l__coffin_y_prime_dim=\dimen136
\c_empty_coffin=\box36
\l__coffin_aligned_coffin=\box37
\l__coffin_aligned_internal_coffin=\box38
\l_tmpa_coffin=\box39
\l_tmpb_coffin=\box40
\g_tmpa_coffin=\box41
\g_tmpb_coffin=\box42
\l__coffin_bounding_shift_dim=\dimen137
\l__coffin_left_corner_dim=\dimen138
\l__coffin_right_corner_dim=\dimen139
\l__coffin_bottom_corner_dim=\dimen140
\l__coffin_top_corner_dim=\dimen141
\l__coffin_scaled_total_height_dim=\dimen142
\l__coffin_scaled_width_dim=\dimen143
\c__coffin_empty_coffin=\box43
\l__coffin_display_coffin=\box44
\l__coffin_display_coord_coffin=\box45
\l__coffin_display_pole_coffin=\box46
\l__coffin_display_offset_dim=\dimen144
\l__coffin_display_x_dim=\dimen145
\l__coffin_display_y_dim=\dimen146
\g__char_data_ior=\read1

("C:\Users\fklam\AppData\Local\Programs\MiKTeX 2.9\tex/latex/l3kernel\l3depreca
tion.def"
File: l3deprecation.def 2019-04-06 v L3 Deprecated functions
))
("C:\Users\fklam\AppData\Local\Programs\MiKTeX 2.9\tex/latex/l3backend\l3backen
d-pdfmode.def"
File: l3backend-pdfmode.def 2019-04-06 L3 backend support: PDF mode
\l__kernel_color_stack_int=\count190
\l__pdf_internal_box=\box47
))
("C:\Users\fklam\AppData\Local\Programs\MiKTeX 2.9\tex/latex/l3packages/xparse\
xparse.sty"
Package: xparse 2020-01-12 L3 Experimental document command parser
\l__xparse_current_arg_int=\count191
\g__xparse_grabber_int=\count192
\l__xparse_m_args_int=\count193
\l__xparse_v_nesting_int=\count194
)
Package: lipsum 2019/01/02 v2.2 150 paragraphs of Lorem Ipsum dummy text

("C:\Users\fklam\AppData\Local\Programs\MiKTeX 2.9\tex/latex/lipsum\lipsum.ltd.
tex"
File: lipsum.ltd.tex 2019/01/02 v2.2 The Lorem ipsum dummy text
))
("C:\Users\fklam\AppData\Local\Programs\MiKTeX 2.9\tex/generic/babel\babel.sty"
Package: babel 2020/01/15 3.38 The Babel package
("C:\Users\fklam\AppData\Local\Programs\MiKTeX 2.9\tex/generic/babel\switch.def
"
File: switch.def 2020/01/15 3.38 Babel switching mechanism
)
*************************************
* Local config file bblopts.cfg used
*
("C:\Users\fklam\AppData\Local\Programs\MiKTeX 2.9\tex/latex/arabi\bblopts.cfg"
File: bblopts.cfg 2005/09/08 v0.1 add Arabic and Farsi to "declared" options of
 babel
)
("C:\Users\fklam\AppData\Local\Programs\MiKTeX 2.9\tex/latex/babel-german\ngerm
an.ldf"
Language: ngerman 2018/12/08 v2.11 German support for babel (post-1996 orthogra
phy)

("C:\Users\fklam\AppData\Local\Programs\MiKTeX 2.9\tex/latex/babel-german\ngerm
anb.ldf"
Language: ngermanb 2018/12/08 v2.11 German support for babel (post-1996 orthogr
aphy)

("C:\Users\fklam\AppData\Local\Programs\MiKTeX 2.9\tex/generic/babel\babel.def"
File: babel.def 2020/01/15 3.38 Babel common definitions
\babel@savecnt=\count195
\U@D=\dimen147

("C:\Users\fklam\AppData\Local\Programs\MiKTeX 2.9\tex/generic/babel\txtbabel.d
ef")
\bbl@readstream=\read2
\bbl@dirlevel=\count196
)
Package babel Info: Making " an active character on input line 121.
)))
("C:\Users\fklam\AppData\Local\Programs\MiKTeX 2.9\tex/latex/graphics\color.sty
"
Package: color 2016/07/10 v1.1e Standard LaTeX Color (DPC)

("C:\Users\fklam\AppData\Local\Programs\MiKTeX 2.9\tex/latex/graphics-cfg\color
.cfg"
File: color.cfg 2016/01/02 v1.6 sample color configuration
)
Package color Info: Driver file: pdftex.def on input line 147.

("C:\Users\fklam\AppData\Local\Programs\MiKTeX 2.9\tex/latex/graphics-def\pdfte
x.def"
File: pdftex.def 2018/01/08 v1.0l Graphics/color driver for pdftex
))
("C:\Users\fklam\AppData\Local\Programs\MiKTeX 2.9\tex/latex/colortbl\colortbl.
sty"
Package: colortbl 2018/12/12 v1.0d Color table columns (DPC)

("C:\Users\fklam\AppData\Local\Programs\MiKTeX 2.9\tex/latex/tools\array.sty"
Package: array 2019/08/31 v2.4l Tabular extension package (FMi)
\col@sep=\dimen148
\ar@mcellbox=\box48
\extrarowheight=\dimen149
\NC@list=\toks18
\extratabsurround=\skip64
\backup@length=\skip65
\ar@cellbox=\box49
)
\everycr=\toks19
\minrowclearance=\skip66
)
("C:\Users\fklam\AppData\Local\Programs\MiKTeX 2.9\tex/latex/graphics\graphicx.
sty"
Package: graphicx 2017/06/01 v1.1a Enhanced LaTeX Graphics (DPC,SPQR)

("C:\Users\fklam\AppData\Local\Programs\MiKTeX 2.9\tex/latex/graphics\graphics.
sty"
Package: graphics 2019/11/01 v1.3d Standard LaTeX Graphics (DPC,SPQR)

("C:\Users\fklam\AppData\Local\Programs\MiKTeX 2.9\tex/latex/graphics\trig.sty"
Package: trig 2016/01/03 v1.10 sin cos tan (DPC)
)
("C:\Users\fklam\AppData\Local\Programs\MiKTeX 2.9\tex/latex/graphics-cfg\graph
ics.cfg"
File: graphics.cfg 2016/06/04 v1.11 sample graphics configuration
)
Package graphics Info: Driver file: pdftex.def on input line 105.
)
\Gin@req@height=\dimen150
\Gin@req@width=\dimen151
)
("C:\Users\fklam\AppData\Local\Programs\MiKTeX 2.9\tex/latex/subfig\subfig.sty"
Package: subfig 2005/06/28 ver: 1.3 subfig package

("C:\Users\fklam\AppData\Local\Programs\MiKTeX 2.9\tex/latex/caption\caption.st
y"
Package: caption 2020/01/03 v3.4h Customizing captions (AR)

("C:\Users\fklam\AppData\Local\Programs\MiKTeX 2.9\tex/latex/caption\caption3.s
ty"
Package: caption3 2020/01/03 v1.8h caption3 kernel (AR)
Package caption3 Info: TeX engine: e-TeX on input line 61.
\captionmargin=\dimen152
\captionmargin@=\dimen153
\captionwidth=\dimen154
\caption@tempdima=\dimen155
\caption@indent=\dimen156
\caption@parindent=\dimen157
\caption@hangindent=\dimen158
Package caption Info: KOMA-Script document class detected.
)
Package caption Info: KOMA-Script document class.
\c@caption@flags=\count197
\c@continuedfloat=\count198
Package caption Info: hyperref package is loaded.
)
\c@KVtest=\count199
\sf@farskip=\skip67
\sf@captopadj=\dimen159
\sf@capskip=\skip68
\sf@nearskip=\skip69
\c@subfigure=\count266
\c@subfigure@save=\count267
\c@lofdepth=\count268
\c@subtable=\count269
\c@subtable@save=\count270
\c@lotdepth=\count271
\sf@top=\skip70
\sf@bottom=\skip71
)
("C:\Users\fklam\AppData\Local\Programs\MiKTeX 2.9\tex/latex/base\textcomp.sty"
Package: textcomp 2018/08/11 v2.0j Standard LaTeX package
Package textcomp Info: Sub-encoding information:
(textcomp)               5 = only ISO-Adobe without \textcurrency
(textcomp)               4 = 5 + \texteuro
(textcomp)               3 = 4 + \textohm
(textcomp)               2 = 3 + \textestimated + \textcurrency
(textcomp)               1 = TS1 - \textcircled - \t
(textcomp)               0 = TS1 (full)
(textcomp)             Font families with sub-encoding setting implement
(textcomp)             only a restricted character set as indicated.
(textcomp)             Family '?' is the default used for unknown fonts.
(textcomp)             See the documentation for details.
Package textcomp Info: Setting ? sub-encoding to TS1/1 on input line 79.
("C:\Users\fklam\AppData\Local\Programs\MiKTeX 2.9\tex/latex/base\ts1enc.def"
File: ts1enc.def 2001/06/05 v3.0e (jk/car/fm) Standard LaTeX file
Now handling font encoding TS1 ...
... processing UTF-8 mapping file for font encoding TS1

("C:\Users\fklam\AppData\Local\Programs\MiKTeX 2.9\tex/latex/base\ts1enc.dfu"
File: ts1enc.dfu 2019/07/11 v1.2j UTF-8 support for inputenc
   defining Unicode char U+00A2 (decimal 162)
   defining Unicode char U+00A3 (decimal 163)
   defining Unicode char U+00A4 (decimal 164)
   defining Unicode char U+00A5 (decimal 165)
   defining Unicode char U+00A6 (decimal 166)
   defining Unicode char U+00A7 (decimal 167)
   defining Unicode char U+00A8 (decimal 168)
   defining Unicode char U+00A9 (decimal 169)
   defining Unicode char U+00AA (decimal 170)
   defining Unicode char U+00AC (decimal 172)
   defining Unicode char U+00AE (decimal 174)
   defining Unicode char U+00AF (decimal 175)
   defining Unicode char U+00B0 (decimal 176)
   defining Unicode char U+00B1 (decimal 177)
   defining Unicode char U+00B2 (decimal 178)
   defining Unicode char U+00B3 (decimal 179)
   defining Unicode char U+00B4 (decimal 180)
   defining Unicode char U+00B5 (decimal 181)
   defining Unicode char U+00B6 (decimal 182)
   defining Unicode char U+00B7 (decimal 183)
   defining Unicode char U+00B9 (decimal 185)
   defining Unicode char U+00BA (decimal 186)
   defining Unicode char U+00BC (decimal 188)
   defining Unicode char U+00BD (decimal 189)
   defining Unicode char U+00BE (decimal 190)
   defining Unicode char U+00D7 (decimal 215)
   defining Unicode char U+00F7 (decimal 247)
   defining Unicode char U+0192 (decimal 402)
   defining Unicode char U+02C7 (decimal 711)
   defining Unicode char U+02D8 (decimal 728)
   defining Unicode char U+02DD (decimal 733)
   defining Unicode char U+0E3F (decimal 3647)
   defining Unicode char U+2016 (decimal 8214)
   defining Unicode char U+2020 (decimal 8224)
   defining Unicode char U+2021 (decimal 8225)
   defining Unicode char U+2022 (decimal 8226)
   defining Unicode char U+2030 (decimal 8240)
   defining Unicode char U+2031 (decimal 8241)
   defining Unicode char U+203B (decimal 8251)
   defining Unicode char U+203D (decimal 8253)
   defining Unicode char U+2044 (decimal 8260)
   defining Unicode char U+204E (decimal 8270)
   defining Unicode char U+2052 (decimal 8274)
   defining Unicode char U+20A1 (decimal 8353)
   defining Unicode char U+20A4 (decimal 8356)
   defining Unicode char U+20A6 (decimal 8358)
   defining Unicode char U+20A9 (decimal 8361)
   defining Unicode char U+20AB (decimal 8363)
   defining Unicode char U+20AC (decimal 8364)
   defining Unicode char U+20B1 (decimal 8369)
   defining Unicode char U+2103 (decimal 8451)
   defining Unicode char U+2116 (decimal 8470)
   defining Unicode char U+2117 (decimal 8471)
   defining Unicode char U+211E (decimal 8478)
   defining Unicode char U+2120 (decimal 8480)
   defining Unicode char U+2122 (decimal 8482)
   defining Unicode char U+2126 (decimal 8486)
   defining Unicode char U+2127 (decimal 8487)
   defining Unicode char U+212E (decimal 8494)
   defining Unicode char U+2190 (decimal 8592)
   defining Unicode char U+2191 (decimal 8593)
   defining Unicode char U+2192 (decimal 8594)
   defining Unicode char U+2193 (decimal 8595)
   defining Unicode char U+2329 (decimal 9001)
   defining Unicode char U+232A (decimal 9002)
   defining Unicode char U+2422 (decimal 9250)
   defining Unicode char U+25E6 (decimal 9702)
   defining Unicode char U+25EF (decimal 9711)
   defining Unicode char U+266A (decimal 9834)
   defining Unicode char U+27E8 (decimal 10216)
   defining Unicode char U+27E9 (decimal 10217)
   defining Unicode char U+FEFF (decimal 65279)
))
LaTeX Info: Redefining \oldstylenums on input line 334.
Package textcomp Info: Setting cmr sub-encoding to TS1/0 on input line 349.
Package textcomp Info: Setting cmss sub-encoding to TS1/0 on input line 350.
Package textcomp Info: Setting cmtt sub-encoding to TS1/0 on input line 351.
Package textcomp Info: Setting cmvtt sub-encoding to TS1/0 on input line 352.
Package textcomp Info: Setting cmbr sub-encoding to TS1/0 on input line 353.
Package textcomp Info: Setting cmtl sub-encoding to TS1/0 on input line 354.
Package textcomp Info: Setting ccr sub-encoding to TS1/0 on input line 355.
Package textcomp Info: Setting ptm sub-encoding to TS1/4 on input line 356.
Package textcomp Info: Setting pcr sub-encoding to TS1/4 on input line 357.
Package textcomp Info: Setting phv sub-encoding to TS1/4 on input line 358.
Package textcomp Info: Setting ppl sub-encoding to TS1/3 on input line 359.
Package textcomp Info: Setting pag sub-encoding to TS1/4 on input line 360.
Package textcomp Info: Setting pbk sub-encoding to TS1/4 on input line 361.
Package textcomp Info: Setting pnc sub-encoding to TS1/4 on input line 362.
Package textcomp Info: Setting pzc sub-encoding to TS1/4 on input line 363.
Package textcomp Info: Setting bch sub-encoding to TS1/4 on input line 364.
Package textcomp Info: Setting put sub-encoding to TS1/5 on input line 365.
Package textcomp Info: Setting uag sub-encoding to TS1/5 on input line 366.
Package textcomp Info: Setting ugq sub-encoding to TS1/5 on input line 367.
Package textcomp Info: Setting ul8 sub-encoding to TS1/4 on input line 368.
Package textcomp Info: Setting ul9 sub-encoding to TS1/4 on input line 369.
Package textcomp Info: Setting augie sub-encoding to TS1/5 on input line 370.
Package textcomp Info: Setting dayrom sub-encoding to TS1/3 on input line 371.
Package textcomp Info: Setting dayroms sub-encoding to TS1/3 on input line 372.

Package textcomp Info: Setting pxr sub-encoding to TS1/0 on input line 373.
Package textcomp Info: Setting pxss sub-encoding to TS1/0 on input line 374.
Package textcomp Info: Setting pxtt sub-encoding to TS1/0 on input line 375.
Package textcomp Info: Setting txr sub-encoding to TS1/0 on input line 376.
Package textcomp Info: Setting txss sub-encoding to TS1/0 on input line 377.
Package textcomp Info: Setting txtt sub-encoding to TS1/0 on input line 378.
Package textcomp Info: Setting lmr sub-encoding to TS1/0 on input line 379.
Package textcomp Info: Setting lmdh sub-encoding to TS1/0 on input line 380.
Package textcomp Info: Setting lmss sub-encoding to TS1/0 on input line 381.
Package textcomp Info: Setting lmssq sub-encoding to TS1/0 on input line 382.
Package textcomp Info: Setting lmvtt sub-encoding to TS1/0 on input line 383.
Package textcomp Info: Setting lmtt sub-encoding to TS1/0 on input line 384.
Package textcomp Info: Setting qhv sub-encoding to TS1/0 on input line 385.
Package textcomp Info: Setting qag sub-encoding to TS1/0 on input line 386.
Package textcomp Info: Setting qbk sub-encoding to TS1/0 on input line 387.
Package textcomp Info: Setting qcr sub-encoding to TS1/0 on input line 388.
Package textcomp Info: Setting qcs sub-encoding to TS1/0 on input line 389.
Package textcomp Info: Setting qpl sub-encoding to TS1/0 on input line 390.
Package textcomp Info: Setting qtm sub-encoding to TS1/0 on input line 391.
Package textcomp Info: Setting qzc sub-encoding to TS1/0 on input line 392.
Package textcomp Info: Setting qhvc sub-encoding to TS1/0 on input line 393.
Package textcomp Info: Setting futs sub-encoding to TS1/4 on input line 394.
Package textcomp Info: Setting futx sub-encoding to TS1/4 on input line 395.
Package textcomp Info: Setting futj sub-encoding to TS1/4 on input line 396.
Package textcomp Info: Setting hlh sub-encoding to TS1/3 on input line 397.
Package textcomp Info: Setting hls sub-encoding to TS1/3 on input line 398.
Package textcomp Info: Setting hlst sub-encoding to TS1/3 on input line 399.
Package textcomp Info: Setting hlct sub-encoding to TS1/5 on input line 400.
Package textcomp Info: Setting hlx sub-encoding to TS1/5 on input line 401.
Package textcomp Info: Setting hlce sub-encoding to TS1/5 on input line 402.
Package textcomp Info: Setting hlcn sub-encoding to TS1/5 on input line 403.
Package textcomp Info: Setting hlcw sub-encoding to TS1/5 on input line 404.
Package textcomp Info: Setting hlcf sub-encoding to TS1/5 on input line 405.
Package textcomp Info: Setting pplx sub-encoding to TS1/3 on input line 406.
Package textcomp Info: Setting pplj sub-encoding to TS1/3 on input line 407.
Package textcomp Info: Setting ptmx sub-encoding to TS1/4 on input line 408.
Package textcomp Info: Setting ptmj sub-encoding to TS1/4 on input line 409.
)
("C:\Users\fklam\AppData\Local\Programs\MiKTeX 2.9\tex/latex/listings\listings.
sty"
\lst@mode=\count272
\lst@gtempboxa=\box50
\lst@token=\toks20
\lst@length=\count273
\lst@currlwidth=\dimen160
\lst@column=\count274
\lst@pos=\count275
\lst@lostspace=\dimen161
\lst@width=\dimen162
\lst@newlines=\count276
\lst@lineno=\count277
\lst@maxwidth=\dimen163

("C:\Users\fklam\AppData\Local\Programs\MiKTeX 2.9\tex/latex/listings\lstmisc.s
ty"
File: lstmisc.sty 2019/09/10 1.8c (Carsten Heinz)
\c@lstnumber=\count278
\lst@skipnumbers=\count279
\lst@framebox=\box51
)
("C:\Users\fklam\AppData\Local\Programs\MiKTeX 2.9\tex/latex/listings\listings.
cfg"
File: listings.cfg 2019/09/10 1.8c listings configuration
))
Package: listings 2019/09/10 1.8c (Carsten Heinz)

("C:\Users\fklam\AppData\Local\Programs\MiKTeX 2.9\tex/latex/amsfonts\amssymb.s
ty"
Package: amssymb 2013/01/14 v3.01 AMS font symbols

("C:\Users\fklam\AppData\Local\Programs\MiKTeX 2.9\tex/latex/amsfonts\amsfonts.
sty"
Package: amsfonts 2013/01/14 v3.01 Basic AMSFonts support
\@emptytoks=\toks21
\symAMSa=\mathgroup4
\symAMSb=\mathgroup5
LaTeX Font Info:    Redeclaring math symbol \hbar on input line 98.
LaTeX Font Info:    Overwriting math alphabet `\mathfrak' in version `bold'
(Font)                  U/euf/m/n --> U/euf/b/n on input line 106.
))
("C:\Users\fklam\AppData\Local\Programs\MiKTeX 2.9\tex/latex/mathtools\mathtool
s.sty"
Package: mathtools 2020/01/17 v1.23 mathematical typesetting tools

("C:\Users\fklam\AppData\Local\Programs\MiKTeX 2.9\tex/latex/tools\calc.sty"
Package: calc 2017/05/25 v4.3 Infix arithmetic (KKT,FJ)
\calc@Acount=\count280
\calc@Bcount=\count281
\calc@Adimen=\dimen164
\calc@Bdimen=\dimen165
\calc@Askip=\skip72
\calc@Bskip=\skip73
LaTeX Info: Redefining \setlength on input line 80.
LaTeX Info: Redefining \addtolength on input line 81.
\calc@Ccount=\count282
\calc@Cskip=\skip74
)
("C:\Users\fklam\AppData\Local\Programs\MiKTeX 2.9\tex/latex/mathtools\mhsetup.
sty"
Package: mhsetup 2017/03/31 v1.3 programming setup (MH)
)
("C:\Users\fklam\AppData\Local\Programs\MiKTeX 2.9\tex/latex/amsmath\amsmath.st
y"
Package: amsmath 2019/11/16 v2.17d AMS math features
\@mathmargin=\skip75

For additional information on amsmath, use the `?' option.

("C:\Users\fklam\AppData\Local\Programs\MiKTeX 2.9\tex/latex/amsmath\amstext.st
y"
Package: amstext 2000/06/29 v2.01 AMS text

("C:\Users\fklam\AppData\Local\Programs\MiKTeX 2.9\tex/latex/amsmath\amsgen.sty
"
File: amsgen.sty 1999/11/30 v2.0 generic functions
\@emptytoks=\toks22
\ex@=\dimen166
))
("C:\Users\fklam\AppData\Local\Programs\MiKTeX 2.9\tex/latex/amsmath\amsbsy.sty
"
Package: amsbsy 1999/11/29 v1.2d Bold Symbols
\pmbraise@=\dimen167
)
("C:\Users\fklam\AppData\Local\Programs\MiKTeX 2.9\tex/latex/amsmath\amsopn.sty
"
Package: amsopn 2016/03/08 v2.02 operator names
)
\inf@bad=\count283
LaTeX Info: Redefining \frac on input line 227.
\uproot@=\count284
\leftroot@=\count285
LaTeX Info: Redefining \overline on input line 389.
\classnum@=\count286
\DOTSCASE@=\count287
LaTeX Info: Redefining \ldots on input line 486.
LaTeX Info: Redefining \dots on input line 489.
LaTeX Info: Redefining \cdots on input line 610.
\Mathstrutbox@=\box52
\strutbox@=\box53
\big@size=\dimen168
LaTeX Font Info:    Redeclaring font encoding OML on input line 733.
LaTeX Font Info:    Redeclaring font encoding OMS on input line 734.
\macc@depth=\count288
\c@MaxMatrixCols=\count289
\dotsspace@=\muskip17
\c@parentequation=\count290
\dspbrk@lvl=\count291
\tag@help=\toks23
\row@=\count292
\column@=\count293
\maxfields@=\count294
\andhelp@=\toks24
\eqnshift@=\dimen169
\alignsep@=\dimen170
\tagshift@=\dimen171
\tagwidth@=\dimen172
\totwidth@=\dimen173
\lineht@=\dimen174
\@envbody=\toks25
\multlinegap=\skip76
\multlinetaggap=\skip77
\mathdisplay@stack=\toks26
LaTeX Info: Redefining \[ on input line 2858.
LaTeX Info: Redefining \] on input line 2859.
)
LaTeX Info: Thecontrolsequence`\('isalreadyrobust on input line 129.
LaTeX Info: Thecontrolsequence`\)'isalreadyrobust on input line 129.
LaTeX Info: Thecontrolsequence`\['isalreadyrobust on input line 129.
LaTeX Info: Thecontrolsequence`\]'isalreadyrobust on input line 129.
\g_MT_multlinerow_int=\count295
\l_MT_multwidth_dim=\dimen175
\origjot=\skip78
\l_MT_shortvdotswithinadjustabove_dim=\dimen176
\l_MT_shortvdotswithinadjustbelow_dim=\dimen177
\l_MT_above_intertext_sep=\dimen178
\l_MT_below_intertext_sep=\dimen179
\l_MT_above_shortintertext_sep=\dimen180
\l_MT_below_shortintertext_sep=\dimen181
)

Class scrartcl Warning: Usage of package `fancyhdr' together
(scrartcl)              with a KOMA-Script class is not recommended.
(scrartcl)              I'd suggest to use 
(scrartcl)              package `scrlayer' or `scrlayer-scrpage', because
(scrartcl)              they support KOMA-Script classes.
(scrartcl)              With `fancyhdr' several features of class `scrartcl'
(scrartcl)              like options `headsepline', `footsepline' or command
(scrartcl)              `\MakeMarkcase' and the commands `\setkomafont' and
(scrartcl)              `\addtokomafont' for the page style elements need
(scrartcl)              explicite user intervention to work.
(scrartcl)              Nevertheless, using requested
(scrartcl)              package `fancyhdr' on input line 41.


("C:\Users\fklam\AppData\Local\Programs\MiKTeX 2.9\tex/latex/fancyhdr\fancyhdr.
sty"
Package: fancyhdr 2019/01/31 v3.10 Extensive control of page headers and footer
s
\f@nch@headwidth=\skip79
\f@nch@O@elh=\skip80
\f@nch@O@erh=\skip81
\f@nch@O@olh=\skip82
\f@nch@O@orh=\skip83
\f@nch@O@elf=\skip84
\f@nch@O@erf=\skip85
\f@nch@O@olf=\skip86
\f@nch@O@orf=\skip87
) ("C:\Users\fklam\AppData\Local\Programs\MiKTeX 2.9\tex/latex/svg\svg.sty"
Package: svg 2020/01/13 v2.02e (include SVG pictures)
("C:\Users\fklam\AppData\Local\Programs\MiKTeX 2.9\tex/latex/tools\shellesc.sty
"
Package: shellesc 2019/11/08 v1.0c unified shell escape interface for LaTeX
Package shellesc Info: Restricted shell escape enabled on input line 77.
)
("C:\Users\fklam\AppData\Local\Programs\MiKTeX 2.9\tex/latex/trimspaces\trimspa
ces.sty"
Package: trimspaces 2009/09/17 v1.1 Trim spaces around a token list
)
\svg@box=\box54
\c@svg@param@lastpage=\count296
\c@svg@param@currpage=\count297
)
("C:\Users\fklam\AppData\Local\Programs\MiKTeX 2.9\tex/latex/xcolor\xcolor.sty"
Package: xcolor 2016/05/11 v2.12 LaTeX color extensions (UK)

("C:\Users\fklam\AppData\Local\Programs\MiKTeX 2.9\tex/latex/graphics-cfg\color
.cfg"
File: color.cfg 2016/01/02 v1.6 sample color configuration
)
Package xcolor Info: Driver file: pdftex.def on input line 225.
LaTeX Info: Redefining \color on input line 709.
Package xcolor Info: Model `cmy' substituted by `cmy0' on input line 1348.
Package xcolor Info: Model `hsb' substituted by `rgb' on input line 1352.
Package xcolor Info: Model `RGB' extended on input line 1364.
Package xcolor Info: Model `HTML' substituted by `rgb' on input line 1366.
Package xcolor Info: Model `Hsb' substituted by `hsb' on input line 1367.
Package xcolor Info: Model `tHsb' substituted by `hsb' on input line 1368.
Package xcolor Info: Model `HSB' substituted by `hsb' on input line 1369.
Package xcolor Info: Model `Gray' substituted by `gray' on input line 1370.
Package xcolor Info: Model `wave' substituted by `hsb' on input line 1371.
)
("C:\Users\fklam\AppData\Local\Programs\MiKTeX 2.9\tex/latex/transparent\transp
arent.sty"
Package: transparent 2019/11/29 v1.4 Transparency via pdfTeX's color stack (HO)

)
("C:\Users\fklam\AppData\Local\Programs\MiKTeX 2.9\tex/latex/adjustbox\adjustbo
x.sty"
Package: adjustbox 2019/01/04 v1.2 Adjusting TeX boxes (trim, clip, ...)

("C:\Users\fklam\AppData\Local\Programs\MiKTeX 2.9\tex/latex/xkeyval\xkeyval.st
y"
Package: xkeyval 2014/12/03 v2.7a package option processing (HA)

("C:\Users\fklam\AppData\Local\Programs\MiKTeX 2.9\tex/generic/xkeyval\xkeyval.
tex"
("C:\Users\fklam\AppData\Local\Programs\MiKTeX 2.9\tex/generic/xkeyval\xkvutils
.tex"
\XKV@toks=\toks27
\XKV@tempa@toks=\toks28
)
\XKV@depth=\count298
File: xkeyval.tex 2014/12/03 v2.7a key=value parser (HA)
))
("C:\Users\fklam\AppData\Local\Programs\MiKTeX 2.9\tex/latex/adjustbox\adjcalc.
sty"
Package: adjcalc 2012/05/16 v1.1 Provides advanced setlength with multiple back
-ends (calc, etex, pgfmath)
)
("C:\Users\fklam\AppData\Local\Programs\MiKTeX 2.9\tex/latex/adjustbox\trimclip
.sty"
Package: trimclip 2018/04/08 v1.1 Trim and clip general TeX material

("C:\Users\fklam\AppData\Local\Programs\MiKTeX 2.9\tex/latex/collectbox\collect
box.sty"
Package: collectbox 2012/05/17 v0.4b Collect macro arguments as boxes
\collectedbox=\box55
)
\tc@llx=\dimen182
\tc@lly=\dimen183
\tc@urx=\dimen184
\tc@ury=\dimen185
Package trimclip Info: Using driver 'tc-pdftex.def'.

("C:\Users\fklam\AppData\Local\Programs\MiKTeX 2.9\tex/latex/adjustbox\tc-pdfte
x.def"
File: tc-pdftex.def 2019/01/04 v2.2 Clipping driver for pdftex
))
\adjbox@Width=\dimen186
\adjbox@Height=\dimen187
\adjbox@Depth=\dimen188
\adjbox@Totalheight=\dimen189
\adjbox@pwidth=\dimen190
\adjbox@pheight=\dimen191
\adjbox@pdepth=\dimen192
\adjbox@ptotalheight=\dimen193

("C:\Users\fklam\AppData\Local\Programs\MiKTeX 2.9\tex/latex/ifoddpage\ifoddpag
e.sty"
Package: ifoddpage 2016/04/23 v1.1 Conditionals for odd/even page detection
\c@checkoddpage=\count299
)
("C:\Users\fklam\AppData\Local\Programs\MiKTeX 2.9\tex/latex/varwidth\varwidth.
sty"
Package: varwidth 2009/03/30 ver 0.92;  Variable-width minipages
\@vwid@box=\box56
\sift@deathcycles=\count300
\@vwid@loff=\dimen194
\@vwid@roff=\dimen195
)) (Doku.aux

LaTeX Warning: Label `img:richter2' multiply defined.

)
\openout1 = `Doku.aux'.

LaTeX Font Info:    Checking defaults for OML/cmm/m/it on input line 75.
LaTeX Font Info:    ... okay on input line 75.
LaTeX Font Info:    Checking defaults for T1/cmr/m/n on input line 75.
LaTeX Font Info:    ... okay on input line 75.
LaTeX Font Info:    Checking defaults for OT1/cmr/m/n on input line 75.
LaTeX Font Info:    ... okay on input line 75.
LaTeX Font Info:    Checking defaults for OMS/cmsy/m/n on input line 75.
LaTeX Font Info:    ... okay on input line 75.
LaTeX Font Info:    Checking defaults for OMX/cmex/m/n on input line 75.
LaTeX Font Info:    ... okay on input line 75.
LaTeX Font Info:    Checking defaults for U/cmr/m/n on input line 75.
LaTeX Font Info:    ... okay on input line 75.
LaTeX Font Info:    Checking defaults for PD1/pdf/m/n on input line 75.
LaTeX Font Info:    ... okay on input line 75.
LaTeX Font Info:    Checking defaults for TS1/cmr/m/n on input line 75.
LaTeX Font Info:    Trying to load font information for TS1+cmr on input line 7
5.
 ("C:\Users\fklam\AppData\Local\Programs\MiKTeX 2.9\tex/latex/base\ts1cmr.fd"
File: ts1cmr.fd 2014/09/29 v2.5h Standard LaTeX font definitions
)
LaTeX Font Info:    ... okay on input line 75.
LaTeX Font Info:    Trying to load font information for T1+lmr on input line 75
.
("C:\Users\fklam\AppData\Local\Programs\MiKTeX 2.9\tex/latex/lm\t1lmr.fd"
File: t1lmr.fd 2009/10/30 v1.6 Font defs for Latin Modern
)
*geometry* driver: auto-detecting
*geometry* detected driver: pdftex
*geometry* verbose mode - [ preamble ] result:
* driver: pdftex
* paper: a4paper
* layout: <same size as paper>
* layoutoffset:(h,v)=(0.0pt,0.0pt)
* modes: 
* h-part:(L,W,R)=(99.58464pt, 426.79135pt, 71.13188pt)
* v-part:(T,H,B)=(71.13188pt, 688.5567pt, 85.35826pt)
* \paperwidth=597.50787pt
* \paperheight=845.04684pt
* \textwidth=426.79135pt
* \textheight=688.5567pt
* \oddsidemargin=27.31465pt
* \evensidemargin=27.31465pt
* \topmargin=-41.0131pt
* \headheight=18.125pt
* \headsep=21.75pt
* \topskip=12.0pt
* \footskip=50.75pt
* \marginparwidth=49.79233pt
* \marginparsep=12.8401pt
* \columnsep=10.0pt
* \skip\footins=10.8pt plus 4.0pt minus 2.0pt
* \hoffset=0.0pt
* \voffset=0.0pt
* \mag=1000
* \@twocolumnfalse
* \@twosidefalse
* \@mparswitchfalse
* \@reversemarginfalse
* (1in=72.27pt=25.4mm, 1cm=28.453pt)

\AtBeginShipoutBox=\box57
Package hyperref Info: Link coloring OFF on input line 75.

("C:\Users\fklam\AppData\Local\Programs\MiKTeX 2.9\tex/latex/hyperref\nameref.s
ty"
Package: nameref 2019/09/16 v2.46 Cross-referencing by name of section

("C:\Users\fklam\AppData\Local\Programs\MiKTeX 2.9\tex/latex/refcount\refcount.
sty"
Package: refcount 2019/12/15 v3.6 Data extraction from label references (HO)
)
("C:\Users\fklam\AppData\Local\Programs\MiKTeX 2.9\tex/generic/gettitlestring\g
ettitlestring.sty"
Package: gettitlestring 2019/12/15 v1.6 Cleanup title references (HO)
)
\c@section@level=\count301
)
LaTeX Info: Redefining \ref on input line 75.
LaTeX Info: Redefining \pageref on input line 75.
LaTeX Info: Redefining \nameref on input line 75.
 (Doku.out) (Doku.out)
\@outlinefile=\write3
\openout3 = `Doku.out'.

Class scrartcl Info: loading recommended package `bookmark'.
(scrartcl)           Using `bookmark' together with `hyperref' is recommended,
(scrartcl)           because of handling of possible bookmark level gaps.
(scrartcl)           You can avoid loading `bookmark' with KOMA-Script option
(scrartcl)           `bookmarkpackage=false' before \begin{document} and
(scrartcl)           you can avoid this message adding:
(scrartcl)             \usepackage{bookmark}
(scrartcl)           before \begin{document} on input line 75.

("C:\Users\fklam\AppData\Local\Programs\MiKTeX 2.9\tex/latex/bookmark\bookmark.
sty"
Package: bookmark 2019/12/03 v1.28 PDF bookmarks (HO)

("C:\Users\fklam\AppData\Local\Programs\MiKTeX 2.9\tex/latex/bookmark\bkm-pdfte
x.def"
File: bkm-pdftex.def 2019/12/03 v1.28 bookmark driver for pdfTeX (HO)
Package auxhook Info: \AddLineBeginMainAux comes a little late,
(auxhook)             because the main .aux file is already opened on input lin
e 168.
\BKM@id=\count302
))
("C:\Users\fklam\AppData\Local\Programs\MiKTeX 2.9\tex/context/base/mkii\supp-p
df.mkii"
[Loading MPS to PDF converter (version 2006.09.02).]
\scratchcounter=\count303
\scratchdimen=\dimen196
\scratchbox=\box58
\nofMPsegments=\count304
\nofMParguments=\count305
\everyMPshowfont=\toks29
\MPscratchCnt=\count306
\MPscratchDim=\dimen197
\MPnumerator=\count307
\makeMPintoPDFobject=\count308
\everyMPtoPDFconversion=\toks30
)
("C:\Users\fklam\AppData\Local\Programs\MiKTeX 2.9\tex/latex/epstopdf-pkg\epsto
pdf-base.sty"
Package: epstopdf-base 2019-12-09 v2.10 Base part for package epstopdf
Package epstopdf-base Info: Redefining graphics rule for `.eps' on input line 4
85.
)
Package caption Info: Begin \AtBeginDocument code.
Package caption Info: subfig package v1.3 is loaded.
Package caption Info: listings package is loaded.
Package caption Info: End \AtBeginDocument code.
\c@lstlisting=\count309
<def/OTHR_FakIM_Logo.pdf, id=3, 1092.08pt x 380.42125pt>
File: def/OTHR_FakIM_Logo.pdf Graphic file (type pdf)
<use def/OTHR_FakIM_Logo.pdf>
Package pdftex.def Info: def/OTHR_FakIM_Logo.pdf  used on input line 81.
(pdftex.def)             Requested size: 245.04085pt x 85.35826pt.
LaTeX Font Info:    Trying to load font information for OT1+lmr on input line 9
1.

("C:\Users\fklam\AppData\Local\Programs\MiKTeX 2.9\tex/latex/lm\ot1lmr.fd"
File: ot1lmr.fd 2009/10/30 v1.6 Font defs for Latin Modern
)
LaTeX Font Info:    Trying to load font information for OML+lmm on input line 9
1.

("C:\Users\fklam\AppData\Local\Programs\MiKTeX 2.9\tex/latex/lm\omllmm.fd"
File: omllmm.fd 2009/10/30 v1.6 Font defs for Latin Modern
)
LaTeX Font Info:    Trying to load font information for OMS+lmsy on input line 
91.

("C:\Users\fklam\AppData\Local\Programs\MiKTeX 2.9\tex/latex/lm\omslmsy.fd"
File: omslmsy.fd 2009/10/30 v1.6 Font defs for Latin Modern
)
LaTeX Font Info:    Trying to load font information for OMX+lmex on input line 
91.

("C:\Users\fklam\AppData\Local\Programs\MiKTeX 2.9\tex/latex/lm\omxlmex.fd"
File: omxlmex.fd 2009/10/30 v1.6 Font defs for Latin Modern
)
LaTeX Font Info:    External font `lmex10' loaded for size
(Font)              <12> on input line 91.
LaTeX Font Info:    External font `lmex10' loaded for size
(Font)              <8> on input line 91.
LaTeX Font Info:    External font `lmex10' loaded for size
(Font)              <6> on input line 91.
LaTeX Font Info:    Trying to load font information for U+msa on input line 91.


("C:\Users\fklam\AppData\Local\Programs\MiKTeX 2.9\tex/latex/amsfonts\umsa.fd"
File: umsa.fd 2013/01/14 v3.01 AMS symbols A
)
LaTeX Font Info:    Trying to load font information for U+msb on input line 91.

("C:\Users\fklam\AppData\Local\Programs\MiKTeX 2.9\tex/latex/amsfonts\umsb.fd"
File: umsb.fd 2013/01/14 v3.01 AMS symbols B
) [1

{C:/Users/fklam/AppData/Local/MiKTeX/2.9/pdftex/config/pdftex.map} <./def/OTHR_
FakIM_Logo.pdf>]
LaTeX Font Info:    Trying to load font information for T1+lmss on input line 1
12.

("C:\Users\fklam\AppData\Local\Programs\MiKTeX 2.9\tex/latex/lm\t1lmss.fd"
File: t1lmss.fd 2009/10/30 v1.6 Font defs for Latin Modern
)
(Doku.toc)
\tf@toc=\write4
\openout4 = `Doku.toc'.

 [2] (Doku.lof
Overfull \hbox (5.2826pt too wide) in paragraph at lines 2--2
 [][] [][]\T1/lmr/m/n/12 Bild 1 aus DIN EN ISO 9241-210: Wech-sel-sei-ti-ge Ab-
hn-gig-keit mensch- 
 []

)
\tf@lof=\write5
\openout5 = `Doku.lof'.

 [3]
Underfull \hbox (badness 10000) in paragraph at lines 125--126

 []


Underfull \hbox (badness 10000) in paragraph at lines 129--130

 []

[4]
<Bilder/9241-210.png, id=222, 607.26875pt x 418.56375pt>
File: Bilder/9241-210.png Graphic file (type png)
<use Bilder/9241-210.png>
Package pdftex.def Info: Bilder/9241-210.png  used on input line 136.
(pdftex.def)             Requested size: 341.43437pt x 235.33932pt.

Underfull \hbox (badness 10000) in paragraph at lines 140--141

 []


Underfull \hbox (badness 10000) in paragraph at lines 142--143

 []


Underfull \hbox (badness 10000) in paragraph at lines 144--145

 []


Package svg Warning: You didn't enable `shell escape' (or `write18')
(svg)                so it wasn't possible to launch the Inkscape export
(svg)                for `Bilder/ProjektplanTeil1.svg' on input line 148.

Package svg Info: Last page of `./svg-inkscape/ProjektplanTeil1_svg-tex.pdf' is
 1 on input line 148.
(svg-inkscape/ProjektplanTeil1_svg-tex.pdf_tex
<./svg-inkscape/ProjektplanTeil1_svg-tex.pdf, id=225, page=1, 554.18762pt x 575
.74864pt>
File: ./svg-inkscape/ProjektplanTeil1_svg-tex.pdf Graphic file (type pdf)
<use ./svg-inkscape/ProjektplanTeil1_svg-tex.pdf, page 1>
Package pdftex.def Info: ./svg-inkscape/ProjektplanTeil1_svg-tex.pdf , page1 us
ed on input line 56.
(pdftex.def)             Requested size: 426.79135pt x 443.41568pt.
)

Package caption Warning: The option `hypcap=true' will be ignored for this
(caption)                particular \caption on input line 149.
See the caption package documentation for explanation.


Underfull \hbox (badness 10000) in paragraph at lines 146--152

 []

[5 <./Bilder/9241-210.png>]

Package svg Warning: You didn't enable `shell escape' (or `write18')
(svg)                so it wasn't possible to launch the Inkscape export
(svg)                for `Bilder/ProjektplanTeil2.svg' on input line 155.

Package svg Info: Last page of `./svg-inkscape/ProjektplanTeil2_svg-tex.pdf' is
 1 on input line 155.
(svg-inkscape/ProjektplanTeil2_svg-tex.pdf_tex
<./svg-inkscape/ProjektplanTeil2_svg-tex.pdf, id=232, page=1, 556.47743pt x 210
.18369pt>
File: ./svg-inkscape/ProjektplanTeil2_svg-tex.pdf Graphic file (type pdf)
<use ./svg-inkscape/ProjektplanTeil2_svg-tex.pdf, page 1>
Package pdftex.def Info: ./svg-inkscape/ProjektplanTeil2_svg-tex.pdf , page1 us
ed on input line 56.
(pdftex.def)             Requested size: 426.79135pt x 161.20049pt.
)

Package caption Warning: The option `hypcap=true' will be ignored for this
(caption)                particular \caption on input line 156.
See the caption package documentation for explanation.


Underfull \hbox (badness 10000) in paragraph at lines 153--159

 []


Package svg Warning: You didn't enable `shell escape' (or `write18')
(svg)                so it wasn't possible to launch the Inkscape export
(svg)                for `Bilder/Arbeitsaufteilung.svg' on input line 162.

Package svg Info: Last page of `./svg-inkscape/Arbeitsaufteilung_svg-tex.pdf' i
s 1 on input line 162.
(svg-inkscape/Arbeitsaufteilung_svg-tex.pdf_tex
<./svg-inkscape/Arbeitsaufteilung_svg-tex.pdf, id=234, page=1, 586.35075pt x 48
7.21869pt>
File: ./svg-inkscape/Arbeitsaufteilung_svg-tex.pdf Graphic file (type pdf)
<use ./svg-inkscape/Arbeitsaufteilung_svg-tex.pdf, page 1>
Package pdftex.def Info: ./svg-inkscape/Arbeitsaufteilung_svg-tex.pdf , page1 u
sed on input line 56.
(pdftex.def)             Requested size: 426.79135pt x 354.63332pt.
)

Package caption Warning: The option `hypcap=true' will be ignored for this
(caption)                particular \caption on input line 163.
See the caption package documentation for explanation.


Underfull \hbox (badness 10000) in paragraph at lines 160--166

 []

[6 <./svg-inkscape/ProjektplanTeil1_svg-tex.pdf> <./svg-inkscape/ProjektplanTei
l2_svg-tex.pdf

pdfTeX warning: pdflatex.exe (file ./svg-inkscape/ProjektplanTeil2_svg-tex.pdf)
: PDF inclusion: multiple pdfs with page group included in a single page
>]
<Bilder/trelloboard.png, id=248, 1445.4pt x 683.55376pt>
File: Bilder/trelloboard.png Graphic file (type png)
<use Bilder/trelloboard.png>
Package pdftex.def Info: Bilder/trelloboard.png  used on input line 169.
(pdftex.def)             Requested size: 426.79135pt x 201.83435pt.


Package caption Warning: The option `hypcap=true' will be ignored for this
(caption)                particular \caption on input line 170.
See the caption package documentation for explanation.


Underfull \hbox (badness 10000) in paragraph at lines 167--173

 []

[7 <./svg-inkscape/Arbeitsaufteilung_svg-tex.pdf> <./Bilder/trelloboard.png>]
LaTeX Font Info:    Trying to load font information for TS1+lmr on input line 1
76.

("C:\Users\fklam\AppData\Local\Programs\MiKTeX 2.9\tex/latex/lm\ts1lmr.fd"
File: ts1lmr.fd 2009/10/30 v1.6 Font defs for Latin Modern
)
Underfull \hbox (badness 10000) in paragraph at lines 182--183

 []


Underfull \hbox (badness 10000) in paragraph at lines 194--199

 []

[8]
LaTeX Font Info:    Trying to load font information for T1+lmtt on input line 2
01.
 ("C:\Users\fklam\AppData\Local\Programs\MiKTeX 2.9\tex/latex/lm\t1lmtt.fd"
File: t1lmtt.fd 2009/10/30 v1.6 Font defs for Latin Modern
) [9]
Underfull \hbox (badness 10000) in paragraph at lines 281--339

 []

[10] [11]
Underfull \hbox (badness 10000) in paragraph at lines 340--405

 []

[12]
Underfull \hbox (badness 10000) in paragraph at lines 448--449

 []


Underfull \hbox (badness 10000) in paragraph at lines 450--451

 []

<Bilder/ciris.png, id=349, 192.72pt x 144.54pt>
File: Bilder/ciris.png Graphic file (type png)
<use Bilder/ciris.png>
Package pdftex.def Info: Bilder/ciris.png  used on input line 454.
(pdftex.def)             Requested size: 341.43437pt x 256.07616pt.

Package caption Warning: The option `hypcap=true' will be ignored for this
(caption)                particular \caption on input line 455.
See the caption package documentation for explanation.

[13] [14 <./Bilder/ciris.png>]
<Bilder/careman.jpg, id=359, 1185.42876pt x 584.1825pt>
File: Bilder/careman.jpg Graphic file (type jpg)
<use Bilder/careman.jpg>
Package pdftex.def Info: Bilder/careman.jpg  used on input line 486.
(pdftex.def)             Requested size: 341.43437pt x 168.25868pt.


Package caption Warning: The option `hypcap=true' will be ignored for this
(caption)                particular \caption on input line 487.
See the caption package documentation for explanation.


Underfull \hbox (badness 5756) in paragraph at lines 497--498
[]|\T1/lmr/m/n/12 Keine In-ter-ak-ti-on mit Dienst-leis-
 []


Underfull \hbox (badness 10000) in paragraph at lines 499--500
[]|\T1/lmr/m/n/12 Keine un-ter-neh-mens-ber-grei-fen-de
 []


Underfull \hbox (badness 3417) in paragraph at lines 503--503
[]|\T1/lmr/m/n/12 Vernetzte, mo-bi-le An-wen-dung fr
 []


Underfull \hbox (badness 10000) in paragraph at lines 509--510

 []

[15 <./Bilder/careman.jpg>]
Underfull \hbox (badness 10000) in paragraph at lines 528--529

 []

<Bilder/prototypFlo.pdf, id=364, 576.7146pt x 399.6531pt>
File: Bilder/prototypFlo.pdf Graphic file (type pdf)
<use Bilder/prototypFlo.pdf>
Package pdftex.def Info: Bilder/prototypFlo.pdf  used on input line 532.
(pdftex.def)             Requested size: 298.75264pt x 207.03413pt.

Package caption Warning: The option `hypcap=true' will be ignored for this
(caption)                particular \caption on input line 533.
See the caption package documentation for explanation.

[16]
<Bilder/uebersicht.jpg, id=370, 2811.50375pt x 2030.58624pt>
File: Bilder/uebersicht.jpg Graphic file (type jpg)
<use Bilder/uebersicht.jpg>
Package pdftex.def Info: Bilder/uebersicht.jpg  used on input line 544.
(pdftex.def)             Requested size: 298.75264pt x 215.74306pt.


Package caption Warning: The option `hypcap=true' will be ignored for this
(caption)                particular \caption on input line 545.
See the caption package documentation for explanation.

[17 <./Bilder/prototypFlo.pdf>]
Underfull \hbox (badness 10000) in paragraph at lines 549--550

 []

<Bilder/hinzufuegen.jpg, id=383, 1952.29375pt x 1109.14375pt>
File: Bilder/hinzufuegen.jpg Graphic file (type jpg)
<use Bilder/hinzufuegen.jpg>
Package pdftex.def Info: Bilder/hinzufuegen.jpg  used on input line 553.
(pdftex.def)             Requested size: 341.43437pt x 193.96767pt.

Package caption Warning: The option `hypcap=true' will be ignored for this
(caption)                particular \caption on input line 554.
See the caption package documentation for explanation.

<Bilder/flaxxy.jpg, id=384, 1651.16875pt x 2307.62125pt>
File: Bilder/flaxxy.jpg Graphic file (type jpg)
<use Bilder/flaxxy.jpg>
Package pdftex.def Info: Bilder/flaxxy.jpg  used on input line 561.
(pdftex.def)             Requested size: 170.71393pt x 238.55736pt.

Package caption Warning: The option `hypcap=true' will be ignored for this
(caption)                particular \caption on input line 562.
See the caption package documentation for explanation.


Underfull \hbox (badness 4316) in paragraph at lines 562--562
[][][]|[]\T1/lmr/m/n/12 Prototyp Rich-ter
 []


Underfull \hbox (badness 2443) in paragraph at lines 567--568
\T1/lmr/m/n/12 geklickt wer-den. Die-se De-tail-an-sicht wird
 []


Underfull \hbox (badness 2547) in paragraph at lines 567--568
\T1/lmr/m/n/12 kn-nen be-ar-bei-tet wer-den; Da-ten kn-nen
 []


Underfull \hbox (badness 10000) in paragraph at lines 567--568

 []


Overfull \hbox (5.22212pt too wide) in paragraph at lines 558--569
[]$   $[]$ 
 []

[18 <./Bilder/uebersicht.jpg> <./Bilder/hinzufuegen.jpg>]
<Bilder/loginpage.png, id=389, 545.03625pt x 478.78876pt>
File: Bilder/loginpage.png Graphic file (type png)
<use Bilder/loginpage.png>
Package pdftex.def Info: Bilder/loginpage.png  used on input line 573.
(pdftex.def)             Requested size: 204.85802pt x 179.95445pt.


Package caption Warning: The option `hypcap=true' will be ignored for this
(caption)                particular \caption on input line 574.
See the caption package documentation for explanation.

<Bilder/mainpage.png, id=390, 546.04pt x 277.035pt>
File: Bilder/mainpage.png Graphic file (type png)
<use Bilder/mainpage.png>
Package pdftex.def Info: Bilder/mainpage.png  used on input line 579.
(pdftex.def)             Requested size: 204.85802pt x 103.93436pt.

Package caption Warning: The option `hypcap=true' will be ignored for this
(caption)                particular \caption on input line 580.
See the caption package documentation for explanation.

<Bilder/mainpage_1.png, id=391, 546.04pt x 277.035pt>
File: Bilder/mainpage_1.png Graphic file (type png)
<use Bilder/mainpage_1.png>
Package pdftex.def Info: Bilder/mainpage_1.png  used on input line 587.
(pdftex.def)             Requested size: 204.85802pt x 103.93436pt.

Package caption Warning: The option `hypcap=true' will be ignored for this
(caption)                particular \caption on input line 588.
See the caption package documentation for explanation.

<Bilder/verordnungpage.png, id=392, 545.03625pt x 276.03125pt>
File: Bilder/verordnungpage.png Graphic file (type png)
<use Bilder/verordnungpage.png>
Package pdftex.def Info: Bilder/verordnungpage.png  used on input line 593.
(pdftex.def)             Requested size: 204.85802pt x 103.74731pt.

Package caption Warning: The option `hypcap=true' will be ignored for this
(caption)                particular \caption on input line 594.
See the caption package documentation for explanation.

[19 <./Bilder/flaxxy.jpg> <./Bilder/loginpage.png> <./Bilder/mainpage.png>]
<Bilder/PrototypTobias1.png, id=400, 452.69125pt x 566.115pt>
File: Bilder/PrototypTobias1.png Graphic file (type png)
<use Bilder/PrototypTobias1.png>
Package pdftex.def Info: Bilder/PrototypTobias1.png  used on input line 605.
(pdftex.def)             Requested size: 204.85802pt x 256.18333pt.


Package caption Warning: The option `hypcap=true' will be ignored for this
(caption)                particular \caption on input line 606.
See the caption package documentation for explanation.

<Bilder/PrototypTobias2.png, id=401, 425.59pt x 581.17125pt>
File: Bilder/PrototypTobias2.png Graphic file (type png)
<use Bilder/PrototypTobias2.png>
Package pdftex.def Info: Bilder/PrototypTobias2.png  used on input line 611.
(pdftex.def)             Requested size: 204.85802pt x 279.74828pt.

Package caption Warning: The option `hypcap=true' will be ignored for this
(caption)                particular \caption on input line 612.
See the caption package documentation for explanation.

<Bilder/PrototypTobias3.png, id=402, 385.44pt x 210.7875pt>
File: Bilder/PrototypTobias3.png Graphic file (type png)
<use Bilder/PrototypTobias3.png>
Package pdftex.def Info: Bilder/PrototypTobias3.png  used on input line 619.
(pdftex.def)             Requested size: 213.39568pt x 116.69897pt.

Package caption Warning: The option `hypcap=true' will be ignored for this
(caption)                particular \caption on input line 620.
See the caption package documentation for explanation.

[20 <./Bilder/mainpage_1.png> <./Bilder/verordnungpage.png> <./Bilder/PrototypT
obias1.png> <./Bilder/PrototypTobias2.png>]
Underfull \hbox (badness 10000) in paragraph at lines 624--625

 []


Underfull \hbox (badness 10000) in paragraph at lines 626--627

 []


Underfull \hbox (badness 10000) in paragraph at lines 628--629

 []


Package svg Warning: You didn't enable `shell escape' (or `write18')
(svg)                so it wasn't possible to launch the Inkscape export
(svg)                for `Bilder/PrototypeBrunner.svg' on input line 635.

Package svg Info: Last page of `./svg-inkscape/PrototypeBrunner_svg-tex.pdf' is
 1 on input line 635.
(svg-inkscape/PrototypeBrunner_svg-tex.pdf_tex
<./svg-inkscape/PrototypeBrunner_svg-tex.pdf, id=410, page=1, 573.0409pt x 213.
04594pt>
File: ./svg-inkscape/PrototypeBrunner_svg-tex.pdf Graphic file (type pdf)
<use ./svg-inkscape/PrototypeBrunner_svg-tex.pdf, page 1>
Package pdftex.def Info: ./svg-inkscape/PrototypeBrunner_svg-tex.pdf , page1 us
ed on input line 56.
(pdftex.def)             Requested size: 426.79135pt x 158.67227pt.
)

Package caption Warning: The option `hypcap=true' will be ignored for this
(caption)                particular \caption on input line 636.
See the caption package documentation for explanation.


Underfull \hbox (badness 10000) in paragraph at lines 633--639

 []

[21 <./Bilder/PrototypTobias3.png> <./svg-inkscape/PrototypeBrunner_svg-tex.pdf
>]
Underfull \hbox (badness 10000) in paragraph at lines 646--647

 []


Overfull \hbox (5.86765pt too wide) in paragraph at lines 650--653
\T1/lmr/m/n/12 Link zu un-se-rem fi-na-len Pro-to-ty-pen: []htt-ps://op7yur.axs
hare.com/#p=home_1&g=1[] 
 []


Underfull \hbox (badness 10000) in paragraph at lines 650--653

 []

[22]
<Bilder/ap1Startseite.png, id=426, 827.82pt x 866.583pt>
File: Bilder/ap1Startseite.png Graphic file (type png)
<use Bilder/ap1Startseite.png>
Package pdftex.def Info: Bilder/ap1Startseite.png  used on input line 658.
(pdftex.def)             Requested size: 341.43437pt x 357.417pt.


Package caption Warning: The option `hypcap=true' will be ignored for this
(caption)                particular \caption on input line 659.
See the caption package documentation for explanation.

<Bilder/ap1Nav.png, id=427, 934.24031pt x 70.76437pt>
File: Bilder/ap1Nav.png Graphic file (type png)
<use Bilder/ap1Nav.png>
Package pdftex.def Info: Bilder/ap1Nav.png  used on input line 668.
(pdftex.def)             Requested size: 341.43437pt x 25.86171pt.

Package caption Warning: The option `hypcap=true' will be ignored for this
(caption)                particular \caption on input line 669.
See the caption package documentation for explanation.


Underfull \hbox (badness 10000) in paragraph at lines 673--674

 []

[23 <./Bilder/ap1Startseite.png> <./Bilder/ap1Nav.png>]
<Bilder/ap1Card.png, id=432, 1806.75pt x 828.09375pt>
File: Bilder/ap1Card.png Graphic file (type png)
<use Bilder/ap1Card.png>
Package pdftex.def Info: Bilder/ap1Card.png  used on input line 684.
(pdftex.def)             Requested size: 341.43437pt x 156.49286pt.


Package caption Warning: The option `hypcap=true' will be ignored for this
(caption)                particular \caption on input line 685.
See the caption package documentation for explanation.


Underfull \hbox (badness 10000) in paragraph at lines 689--690

 []


Underfull \hbox (badness 10000) in paragraph at lines 695--696

 []

[24 <./Bilder/ap1Card.png>]
<Bilder/ap1Search.png, id=437, 1400.98407pt x 134.00063pt>
File: Bilder/ap1Search.png Graphic file (type png)
<use Bilder/ap1Search.png>
Package pdftex.def Info: Bilder/ap1Search.png  used on input line 716.
(pdftex.def)             Requested size: 341.43437pt x 32.65561pt.


Package caption Warning: The option `hypcap=true' will be ignored for this
(caption)                particular \caption on input line 717.
See the caption package documentation for explanation.

<Bilder/ap1Frame2.png, id=438, 1088.56688pt x 675.27281pt>
File: Bilder/ap1Frame2.png Graphic file (type png)
<use Bilder/ap1Frame2.png>
Package pdftex.def Info: Bilder/ap1Frame2.png  used on input line 726.
(pdftex.def)             Requested size: 341.43437pt x 211.79501pt.

Package caption Warning: The option `hypcap=true' will be ignored for this
(caption)                particular \caption on input line 727.
See the caption package documentation for explanation.


Underfull \hbox (badness 10000) in paragraph at lines 731--732

 []

[25 <./Bilder/ap1Search.png> <./Bilder/ap1Frame2.png>]
<Bilder/Krankentransportmodifiziert.png, id=445, 421.18956pt x 662.57137pt>
File: Bilder/Krankentransportmodifiziert.png Graphic file (type png)
<use Bilder/Krankentransportmodifiziert.png>
Package pdftex.def Info: Bilder/Krankentransportmodifiziert.png  used on input 
line 738.
(pdftex.def)             Requested size: 341.43437pt x 537.10449pt.


Package caption Warning: The option `hypcap=true' will be ignored for this
(caption)                particular \caption on input line 739.
See the caption package documentation for explanation.

[26]
Underfull \hbox (badness 10000) in paragraph at lines 743--744

 []


Underfull \hbox (badness 10000) in paragraph at lines 745--746

 []

[27 <./Bilder/Krankentransportmodifiziert.png>]
Underfull \hbox (badness 10000) in paragraph at lines 751--757

 []


Underfull \hbox (badness 10000) in paragraph at lines 751--757

 []


Underfull \hbox (badness 10000) in paragraph at lines 757--759

 []


Underfull \hbox (badness 10000) in paragraph at lines 760--761

 []


Underfull \hbox (badness 10000) in paragraph at lines 762--764

 []


Underfull \hbox (badness 10000) in paragraph at lines 764--766

 []

[28]
Underfull \hbox (badness 10000) in paragraph at lines 767--768

 []


Underfull \hbox (badness 10000) in paragraph at lines 768--770

 []


Underfull \hbox (badness 10000) in paragraph at lines 771--772

 []


Underfull \hbox (badness 10000) in paragraph at lines 773--774

 []


Underfull \hbox (badness 10000) in paragraph at lines 776--780

 []


Underfull \hbox (badness 10000) in paragraph at lines 781--785

 []


Underfull \hbox (badness 10000) in paragraph at lines 785--790

 []

[29]
Underfull \hbox (badness 10000) in paragraph at lines 791--792

 []


Underfull \hbox (badness 10000) in paragraph at lines 793--794

 []


Underfull \hbox (badness 10000) in paragraph at lines 797--799

 []


Underfull \hbox (badness 10000) in paragraph at lines 800--801

 []


Underfull \hbox (badness 10000) in paragraph at lines 802--803

 []

[30]
Underfull \hbox (badness 10000) in paragraph at lines 806--808

 []


Underfull \hbox (badness 10000) in paragraph at lines 811--813

 []


Underfull \hbox (badness 10000) in paragraph at lines 814--815

 []


Underfull \hbox (badness 10000) in paragraph at lines 816--817

 []


Underfull \hbox (badness 10000) in paragraph at lines 818--820

 []


Underfull \hbox (badness 10000) in paragraph at lines 821--822

 []


Underfull \hbox (badness 10000) in paragraph at lines 825--827

 []


Underfull \hbox (badness 10000) in paragraph at lines 828--829

 []

[31]
Underfull \hbox (badness 10000) in paragraph at lines 830--831

 []


Underfull \hbox (badness 10000) in paragraph at lines 832--833

 []


Underfull \hbox (badness 10000) in paragraph at lines 834--835

 []


Underfull \hbox (badness 10000) in paragraph at lines 836--837

 []


Underfull \hbox (badness 10000) in paragraph at lines 840--842

 []

<Bilder/patsearch1.png, id=483, 331.2375pt x 158.09062pt>
File: Bilder/patsearch1.png Graphic file (type png)
<use Bilder/patsearch1.png>
Package pdftex.def Info: Bilder/patsearch1.png  used on input line 851.
(pdftex.def)             Requested size: 136.57635pt x 65.18423pt.
<Bilder/patsearch2.png, id=484, 331.2375pt x 158.09062pt>
File: Bilder/patsearch2.png Graphic file (type png)
<use Bilder/patsearch2.png>
Package pdftex.def Info: Bilder/patsearch2.png  used on input line 852.
(pdftex.def)             Requested size: 136.57635pt x 65.18423pt.
<Bilder/patsearch3.png, id=485, 325.215pt x 158.09062pt>
File: Bilder/patsearch3.png Graphic file (type png)
<use Bilder/patsearch3.png>
Package pdftex.def Info: Bilder/patsearch3.png  used on input line 853.
(pdftex.def)             Requested size: 136.57635pt x 66.39278pt.

Overfull \hbox (5.86765pt too wide) in paragraph at lines 846--858
\T1/lmr/m/n/12 Link zu un-se-rem fi-na-len Pro-to-ty-pen: []htt-ps://op7yur.axs
hare.com/#p=home_1&g=1[] 
 []


Underfull \hbox (badness 10000) in paragraph at lines 846--858

 []


LaTeX Warning: `h' float specifier changed to `ht'.

<Bilder/form.png, id=486, 391.4625pt x 435.12563pt>
File: Bilder/form.png Graphic file (type png)
<use Bilder/form.png>
Package pdftex.def Info: Bilder/form.png  used on input line 861.
(pdftex.def)             Requested size: 341.43437pt x 379.53888pt.

Package caption Warning: The option `hypcap=true' will be ignored for this
(caption)                particular \caption on input line 862.
See the caption package documentation for explanation.

[32]
Underfull \hbox (badness 10000) in paragraph at lines 866--867

 []

<Bilder/pat1.png, id=492, 802.49812pt x 501.37312pt>
File: Bilder/pat1.png Graphic file (type png)
<use Bilder/pat1.png>
Package pdftex.def Info: Bilder/pat1.png  used on input line 870.
(pdftex.def)             Requested size: 426.79135pt x 266.65218pt.

Package caption Warning: The option `hypcap=true' will be ignored for this
(caption)                particular \caption on input line 871.
See the caption package documentation for explanation.

[33 <./Bilder/patsearch1.png> <./Bilder/patsearch2.png> <./Bilder/patsearch3.pn
g> <./Bilder/form.png (PNG copy)>]
Package atveryend Info: Empty hook `BeforeClearDocument' on input line 880.

Underfull \hbox (badness 10000) in paragraph at lines 877--880

 []

[34 <./Bilder/pat1.png (PNG copy)>] [35]
Package atveryend Info: Empty hook `AfterLastShipout' on input line 880.
 (Doku.aux)
Package atveryend Info: Executing hook `AtVeryEndDocument' on input line 880.
Package atveryend Info: Executing hook `AtEndAfterFileList' on input line 880.
Package rerunfilecheck Info: File `Doku.out' has not changed.
(rerunfilecheck)             Checksum: D41D8CD98F00B204E9800998ECF8427E;0.


LaTeX Warning: There were multiply-defined labels.

Package atveryend Info: Empty hook `AtVeryVeryEnd' on input line 880.
 ) 
Here is how much of TeX's memory you used:
 27182 strings out of 492482
 493845 string characters out of 3121575
 796105 words of memory out of 3000000
 31006 multiletter control sequences out of 15000+200000
 579695 words of font info for 55 fonts, out of 3000000 for 9000
 1141 hyphenation exceptions out of 8191
 53i,12n,87p,10101b,561s stack positions out of 5000i,500n,10000p,200000b,50000s
{C:/Users/fklam/AppData/Local/Programs/MiKTeX 2.9/fonts/enc/dvips/lm/lm-ec.en
c}{C:/Users/fklam/AppData/Local/Programs/MiKTeX 2.9/fonts/enc/dvips/lm/lm-ts1.e
nc}<C:/Users/fklam/AppData/Local/Programs/MiKTeX 2.9/fonts/type1/public/lm/lmbx
12.pfb><C:/Users/fklam/AppData/Local/Programs/MiKTeX 2.9/fonts/type1/public/lm/
lmr10.pfb><C:/Users/fklam/AppData/Local/Programs/MiKTeX 2.9/fonts/type1/public/
lm/lmr12.pfb><C:/Users/fklam/AppData/Local/Programs/MiKTeX 2.9/fonts/type1/publ
ic/lm/lmr17.pfb><C:/Users/fklam/AppData/Local/Programs/MiKTeX 2.9/fonts/type1/p
ublic/lm/lmr8.pfb><C:/Users/fklam/AppData/Local/Programs/MiKTeX 2.9/fonts/type1
/public/lm/lmri12.pfb><C:/Users/fklam/AppData/Local/Programs/MiKTeX 2.9/fonts/t
ype1/public/lm/lmssbx10.pfb><C:/Users/fklam/AppData/Local/Programs/MiKTeX 2.9/f
onts/type1/public/lm/lmtt12.pfb>
Output written on Doku.pdf (35 pages, 9310492 bytes).
PDF statistics:
 678 PDF objects out of 1000 (max. 8388607)
 121 named destinations out of 1000 (max. 500000)
 464 words of extra memory for PDF output out of 10000 (max. 10000000)

